<?xml version="1.0" encoding="UTF-8"?>
<!-- Generated by org.testng.reporters.JUnitXMLReporter -->
<testsuite ignored="0" hostname="DESKTOP-RVFIE5L" failures="0" tests="3" name="Test" time="25.132" errors="0" timestamp="2022-08-23T21:52:52 IST">
  <testcase classname="DemoTest.Test1.Parallel_test_demo" name="verifylogo" time="13.912"/>
  <testcase classname="DemoTest.Test1.Parallel_method_2" name="verifylogin" time="16.735"/>
  <testcase classname="DemoTest.Test1.Parallel_test_demo" name="verifytitle" time="11.116"/>
</testsuite> <!-- Test -->
